<?xml version="1.0" encoding="UTF-8"?>
<testng-results skipped="0" failed="0" total="1" passed="1">
  <reporter-output>
  </reporter-output>
  <suite name="Default suite" duration-ms="4419" started-at="2017-02-21T22:49:58Z" finished-at="2017-02-21T22:50:02Z">
    <groups>
    </groups>
    <test name="Default test" duration-ms="4419" started-at="2017-02-21T22:49:58Z" finished-at="2017-02-21T22:50:02Z">
      <class name="TestFramework.basics2">
        <test-method status="PASS" signature="createPlaceAPI()[pri:0, instance:TestFramework.basics2@396a51ab]" name="createPlaceAPI" duration-ms="4388" started-at="2017-02-21T17:49:58Z" finished-at="2017-02-21T17:50:02Z">
          <reporter-output>
          </reporter-output>
        </test-method> <!-- createPlaceAPI -->
      </class> <!-- TestFramework.basics2 -->
    </test> <!-- Default test -->
  </suite> <!-- Default suite -->
</testng-results>
